0 info it worked if it ends with ok
1 verbose cli [ '/usr/bin/nodejs',
1 verbose cli   '/usr/bin/npm',
1 verbose cli   'install',
1 verbose cli   '--save-dev',
1 verbose cli   'grunt-expregrunt-express-server' ]
2 info using npm@1.3.10
3 info using node@v0.10.25
4 verbose readDependencies using package.json deps
5 verbose cache add [ 'grunt-expregrunt-express-server', null ]
6 verbose cache add name=undefined spec="grunt-expregrunt-express-server" args=["grunt-expregrunt-express-server",null]
7 verbose parsed url { protocol: null,
7 verbose parsed url   slashes: null,
7 verbose parsed url   auth: null,
7 verbose parsed url   host: null,
7 verbose parsed url   port: null,
7 verbose parsed url   hostname: null,
7 verbose parsed url   hash: null,
7 verbose parsed url   search: null,
7 verbose parsed url   query: null,
7 verbose parsed url   pathname: 'grunt-expregrunt-express-server',
7 verbose parsed url   path: 'grunt-expregrunt-express-server',
7 verbose parsed url   href: 'grunt-expregrunt-express-server' }
8 silly lockFile 1269e56a-grunt-expregrunt-express-server grunt-expregrunt-express-server
9 verbose lock grunt-expregrunt-express-server /home/tim/.npm/1269e56a-grunt-expregrunt-express-server.lock
10 silly lockFile 1269e56a-grunt-expregrunt-express-server grunt-expregrunt-express-server
11 silly lockFile 1269e56a-grunt-expregrunt-express-server grunt-expregrunt-express-server
12 verbose addNamed [ 'grunt-expregrunt-express-server', '' ]
13 verbose addNamed [ null, '*' ]
14 silly lockFile 7b222717-grunt-expregrunt-express-server grunt-expregrunt-express-server@
15 verbose lock grunt-expregrunt-express-server@ /home/tim/.npm/7b222717-grunt-expregrunt-express-server.lock
16 silly addNameRange { name: 'grunt-expregrunt-express-server',
16 silly addNameRange   range: '*',
16 silly addNameRange   hasData: false }
17 verbose url raw grunt-expregrunt-express-server
18 verbose url resolving [ 'https://registry.npmjs.org/',
18 verbose url resolving   './grunt-expregrunt-express-server' ]
19 verbose url resolved https://registry.npmjs.org/grunt-expregrunt-express-server
20 info trying registry request attempt 1 at 17:04:40
21 http GET https://registry.npmjs.org/grunt-expregrunt-express-server
22 http 404 https://registry.npmjs.org/grunt-expregrunt-express-server
23 silly registry.get cb [ 404,
23 silly registry.get   { date: 'Tue, 18 Feb 2014 01:04:40 GMT',
23 silly registry.get     server: 'CouchDB/1.5.0 (Erlang OTP/R16B)',
23 silly registry.get     'content-type': 'application/json',
23 silly registry.get     'accept-ranges': 'bytes',
23 silly registry.get     via: '1.1 varnish',
23 silly registry.get     age: '0',
23 silly registry.get     'cache-control': 'max-age=0',
23 silly registry.get     'content-length': '52',
23 silly registry.get     'x-served-by': 'cache-v43-ASH, cache-lax1429-LAX',
23 silly registry.get     'x-cache': 'MISS, MISS',
23 silly registry.get     'x-cache-hits': '0, 0',
23 silly registry.get     'x-timer': 'S1392685480.849174976,VS0,VS33,VE49,VE81',
23 silly registry.get     'keep-alive': 'timeout=10, max=50',
23 silly registry.get     connection: 'Keep-Alive' } ]
24 silly lockFile 7b222717-grunt-expregrunt-express-server grunt-expregrunt-express-server@
25 silly lockFile 7b222717-grunt-expregrunt-express-server grunt-expregrunt-express-server@
26 error 404 'grunt-expregrunt-express-server' is not in the npm registry.
26 error 404 You should bug the author to publish it
26 error 404
26 error 404 Note that you can also install from a
26 error 404 tarball, folder, or http url, or git url.
27 error System Linux 3.12-1-amd64
28 error command "/usr/bin/nodejs" "/usr/bin/npm" "install" "--save-dev" "grunt-expregrunt-express-server"
29 error cwd /home/tim/dev/alongtheway
30 error node -v v0.10.25
31 error npm -v 1.3.10
32 error code E404
33 verbose exit [ 1, true ]
